\BOOKMARK [0][-]{section*.4}{Acronyms}{}% 1
\BOOKMARK [0][-]{chapter*.6}{List of Figures}{}% 2
\BOOKMARK [0][-]{chapter*.7}{List of Tables}{}% 3
\BOOKMARK [0][-]{chapter.1}{Introduction}{}% 4
\BOOKMARK [1][-]{section.1.1}{Motivation}{chapter.1}% 5
\BOOKMARK [1][-]{section.1.2}{Thesis Structure}{chapter.1}% 6
\BOOKMARK [0][-]{chapter.2}{Visual Odometry \(VO\)}{}% 7
\BOOKMARK [1][-]{section.2.1}{Basics}{chapter.2}% 8
\BOOKMARK [2][-]{subsection.2.1.1}{What is Visaul Odometry ?}{section.2.1}% 9
\BOOKMARK [2][-]{subsection.2.1.2}{VO Pipeline}{section.2.1}% 10
\BOOKMARK [2][-]{subsection.2.1.3}{Types of VO}{section.2.1}% 11
\BOOKMARK [2][-]{subsection.2.1.4}{Indirect Approach}{section.2.1}% 12
\BOOKMARK [2][-]{subsection.2.1.5}{Direct Approach}{section.2.1}% 13
\BOOKMARK [2][-]{subsection.2.1.6}{Hybrid Approach}{section.2.1}% 14
\BOOKMARK [2][-]{subsection.2.1.7}{Monocular vs Stereo vo }{section.2.1}% 15
\BOOKMARK [0][-]{chapter.3}{Experimental Setup}{}% 16
\BOOKMARK [1][-]{section.3.1}{Introduction}{chapter.3}% 17
\BOOKMARK [2][-]{subsection.3.1.1}{Random text}{section.3.1}% 18
\BOOKMARK [0][-]{chapter.4}{Conclusion}{}% 19
\BOOKMARK [0][-]{chapter*.16}{References}{}% 20
\BOOKMARK [0][-]{appendix.A}{Title of appendix A}{}% 21
\BOOKMARK [1][-]{section.A.1}{Section title}{appendix.A}% 22
\BOOKMARK [0][-]{appendix.B}{List of installed software at FH Wiener Neustadt}{}% 23
